<?xml version="1.0" encoding="UTF-8"?>
<!-- Generated by org.testng.reporters.JUnitReportReporter -->
<testsuite hostname="LP-5CD229DK30" failures="0" tests="1" name="com.hcl.gcs.testscripts.mileagekmallowance.TYSS_GCS_MileageKmAllowance" time="685.023" errors="0" timestamp="10 May 2023 04:20:35 GMT" skipped="0">
  <testcase classname="com.hcl.gcs.testscripts.mileagekmallowance.TYSS_GCS_MileageKmAllowance" name="TC_TYSS_GCS_BB_01" time="685.023"/>
</testsuite> <!-- com.hcl.gcs.testscripts.mileagekmallowance.TYSS_GCS_MileageKmAllowance -->
